This file contains any messages produced by compilers while
running configure, to aid debugging if configure makes a mistake.

It was created by xf86-video-nestedv configure 0.1.0, which was
generated by GNU Autoconf 2.65.  Invocation command line was

  $ ./configure --enable-maintainer-mode --prefix=/home/colin/school/capstone/dev

## --------- ##
## Platform. ##
## --------- ##

hostname = hectop
uname -m = i686
uname -r = 2.6.32-25-generic
uname -s = Linux
uname -v = #45-Ubuntu SMP Sat Oct 16 19:48:22 UTC 2010

/usr/bin/uname -p = unknown
/bin/uname -X     = unknown

/bin/arch              = unknown
/usr/bin/arch -k       = unknown
/usr/convex/getsysinfo = unknown
/usr/bin/hostinfo      = unknown
/bin/machine           = unknown
/usr/bin/oslevel       = unknown
/bin/universe          = unknown

PATH: /home/colin/school/capstone/dev/bin
PATH: /usr/local/sbin
PATH: /usr/local/bin
PATH: /usr/sbin
PATH: /usr/bin
PATH: /sbin
PATH: /bin
PATH: /usr/games
PATH: /home/colin/.cabal/bin


## ----------- ##
## Core tests. ##
## ----------- ##

configure:2345: checking for a BSD-compatible install
configure:2413: result: /usr/bin/install -c
configure:2424: checking whether build environment is sane
configure:2474: result: yes
configure:2615: checking for a thread-safe mkdir -p
configure:2654: result: /bin/mkdir -p
configure:2667: checking for gawk
configure:2683: found /usr/bin/gawk
configure:2694: result: gawk
configure:2705: checking whether make sets $(MAKE)
configure:2727: result: yes
configure:2808: checking whether to enable maintainer-specific portions of Makefiles
configure:2817: result: yes
configure:2878: checking for gcc
configure:2894: found /usr/bin/gcc
configure:2905: result: gcc
configure:3134: checking for C compiler version
configure:3143: gcc --version >&5
gcc (Ubuntu 4.4.3-4ubuntu5) 4.4.3
Copyright (C) 2009 Free Software Foundation, Inc.
This is free software; see the source for copying conditions.  There is NO
warranty; not even for MERCHANTABILITY or FITNESS FOR A PARTICULAR PURPOSE.

configure:3154: $? = 0
configure:3143: gcc -v >&5
Using built-in specs.
Target: i486-linux-gnu
Configured with: ../src/configure -v --with-pkgversion='Ubuntu 4.4.3-4ubuntu5' --with-bugurl=file:///usr/share/doc/gcc-4.4/README.Bugs --enable-languages=c,c++,fortran,objc,obj-c++ --prefix=/usr --enable-shared --enable-multiarch --enable-linker-build-id --with-system-zlib --libexecdir=/usr/lib --without-included-gettext --enable-threads=posix --with-gxx-include-dir=/usr/include/c++/4.4 --program-suffix=-4.4 --enable-nls --enable-clocale=gnu --enable-libstdcxx-debug --enable-plugin --enable-objc-gc --enable-targets=all --disable-werror --with-arch-32=i486 --with-tune=generic --enable-checking=release --build=i486-linux-gnu --host=i486-linux-gnu --target=i486-linux-gnu
Thread model: posix
gcc version 4.4.3 (Ubuntu 4.4.3-4ubuntu5) 
configure:3154: $? = 0
configure:3143: gcc -V >&5
gcc: '-V' option must have argument
configure:3154: $? = 1
configure:3143: gcc -qversion >&5
gcc: unrecognized option '-qversion'
gcc: no input files
configure:3154: $? = 1
configure:3174: checking whether the C compiler works
configure:3196: gcc    conftest.c  >&5
configure:3200: $? = 0
configure:3249: result: yes
configure:3252: checking for C compiler default output file name
configure:3254: result: a.out
configure:3260: checking for suffix of executables
configure:3267: gcc -o conftest    conftest.c  >&5
configure:3271: $? = 0
configure:3293: result: 
configure:3315: checking whether we are cross compiling
configure:3323: gcc -o conftest    conftest.c  >&5
configure:3327: $? = 0
configure:3334: ./conftest
configure:3338: $? = 0
configure:3353: result: no
configure:3358: checking for suffix of object files
configure:3380: gcc -c   conftest.c >&5
configure:3384: $? = 0
configure:3405: result: o
configure:3409: checking whether we are using the GNU C compiler
configure:3428: gcc -c   conftest.c >&5
configure:3428: $? = 0
configure:3437: result: yes
configure:3446: checking whether gcc accepts -g
configure:3466: gcc -c -g  conftest.c >&5
configure:3466: $? = 0
configure:3507: result: yes
configure:3524: checking for gcc option to accept ISO C89
configure:3588: gcc  -c -g -O2  conftest.c >&5
configure:3588: $? = 0
configure:3601: result: none needed
configure:3632: checking for style of include used by make
configure:3660: result: GNU
configure:3685: checking dependency style of gcc
configure:3795: result: gcc3
configure:3823: checking for gcc option to accept ISO C99
configure:3972: gcc  -c -g -O2  conftest.c >&5
conftest.c:61: error: expected ';', ',' or ')' before 'text'
conftest.c: In function 'main':
conftest.c:115: error: expected '=', ',', ';', 'asm' or '__attribute__' before 'newvar'
conftest.c:115: error: 'newvar' undeclared (first use in this function)
conftest.c:115: error: (Each undeclared identifier is reported only once
conftest.c:115: error: for each function it appears in.)
conftest.c:125: error: 'for' loop initial declarations are only allowed in C99 mode
conftest.c:125: note: use option -std=c99 or -std=gnu99 to compile your code
configure:3972: $? = 1
configure: failed program was:
| /* confdefs.h */
| #define PACKAGE_NAME "xf86-video-nestedv"
| #define PACKAGE_TARNAME "xf86-video-nestedv"
| #define PACKAGE_VERSION "0.1.0"
| #define PACKAGE_STRING "xf86-video-nestedv 0.1.0"
| #define PACKAGE_BUGREPORT "pzanoni@mandriva.com"
| #define PACKAGE_URL ""
| #define PACKAGE "xf86-video-nestedv"
| #define VERSION "0.1.0"
| /* end confdefs.h.  */
| #include <stdarg.h>
| #include <stdbool.h>
| #include <stdlib.h>
| #include <wchar.h>
| #include <stdio.h>
| 
| // Check varargs macros.  These examples are taken from C99 6.10.3.5.
| #define debug(...) fprintf (stderr, __VA_ARGS__)
| #define showlist(...) puts (#__VA_ARGS__)
| #define report(test,...) ((test) ? puts (#test) : printf (__VA_ARGS__))
| static void
| test_varargs_macros (void)
| {
|   int x = 1234;
|   int y = 5678;
|   debug ("Flag");
|   debug ("X = %d\n", x);
|   showlist (The first, second, and third items.);
|   report (x>y, "x is %d but y is %d", x, y);
| }
| 
| // Check long long types.
| #define BIG64 18446744073709551615ull
| #define BIG32 4294967295ul
| #define BIG_OK (BIG64 / BIG32 == 4294967297ull && BIG64 % BIG32 == 0)
| #if !BIG_OK
|   your preprocessor is broken;
| #endif
| #if BIG_OK
| #else
|   your preprocessor is broken;
| #endif
| static long long int bignum = -9223372036854775807LL;
| static unsigned long long int ubignum = BIG64;
| 
| struct incomplete_array
| {
|   int datasize;
|   double data[];
| };
| 
| struct named_init {
|   int number;
|   const wchar_t *name;
|   double average;
| };
| 
| typedef const char *ccp;
| 
| static inline int
| test_restrict (ccp restrict text)
| {
|   // See if C++-style comments work.
|   // Iterate through items via the restricted pointer.
|   // Also check for declarations in for loops.
|   for (unsigned int i = 0; *(text+i) != '\0'; ++i)
|     continue;
|   return 0;
| }
| 
| // Check varargs and va_copy.
| static void
| test_varargs (const char *format, ...)
| {
|   va_list args;
|   va_start (args, format);
|   va_list args_copy;
|   va_copy (args_copy, args);
| 
|   const char *str;
|   int number;
|   float fnumber;
| 
|   while (*format)
|     {
|       switch (*format++)
| 	{
| 	case 's': // string
| 	  str = va_arg (args_copy, const char *);
| 	  break;
| 	case 'd': // int
| 	  number = va_arg (args_copy, int);
| 	  break;
| 	case 'f': // float
| 	  fnumber = va_arg (args_copy, double);
| 	  break;
| 	default:
| 	  break;
| 	}
|     }
|   va_end (args_copy);
|   va_end (args);
| }
| 
| int
| main ()
| {
| 
|   // Check bool.
|   _Bool success = false;
| 
|   // Check restrict.
|   if (test_restrict ("String literal") == 0)
|     success = true;
|   char *restrict newvar = "Another string";
| 
|   // Check varargs.
|   test_varargs ("s, d' f .", "string", 65, 34.234);
|   test_varargs_macros ();
| 
|   // Check flexible array members.
|   struct incomplete_array *ia =
|     malloc (sizeof (struct incomplete_array) + (sizeof (double) * 10));
|   ia->datasize = 10;
|   for (int i = 0; i < ia->datasize; ++i)
|     ia->data[i] = i * 1.234;
| 
|   // Check named initializers.
|   struct named_init ni = {
|     .number = 34,
|     .name = L"Test wide string",
|     .average = 543.34343,
|   };
| 
|   ni.number = 58;
| 
|   int dynamic_array[ni.number];
|   dynamic_array[ni.number - 1] = 543;
| 
|   // work around unused variable warnings
|   return (!success || bignum == 0LL || ubignum == 0uLL || newvar[0] == 'x'
| 	  || dynamic_array[ni.number - 1] != 543);
| 
|   ;
|   return 0;
| }
configure:3972: gcc -std=gnu99 -c -g -O2  conftest.c >&5
configure:3972: $? = 0
configure:3992: result: -std=gnu99
configure:4006: checking how to run the C preprocessor
configure:4037: gcc -std=gnu99 -E  conftest.c
configure:4037: $? = 0
configure:4051: gcc -std=gnu99 -E  conftest.c
conftest.c:11:28: error: ac_nonexistent.h: No such file or directory
configure:4051: $? = 1
configure: failed program was:
| /* confdefs.h */
| #define PACKAGE_NAME "xf86-video-nestedv"
| #define PACKAGE_TARNAME "xf86-video-nestedv"
| #define PACKAGE_VERSION "0.1.0"
| #define PACKAGE_STRING "xf86-video-nestedv 0.1.0"
| #define PACKAGE_BUGREPORT "pzanoni@mandriva.com"
| #define PACKAGE_URL ""
| #define PACKAGE "xf86-video-nestedv"
| #define VERSION "0.1.0"
| /* end confdefs.h.  */
| #include <ac_nonexistent.h>
configure:4076: result: gcc -std=gnu99 -E
configure:4096: gcc -std=gnu99 -E  conftest.c
configure:4096: $? = 0
configure:4110: gcc -std=gnu99 -E  conftest.c
conftest.c:11:28: error: ac_nonexistent.h: No such file or directory
configure:4110: $? = 1
configure: failed program was:
| /* confdefs.h */
| #define PACKAGE_NAME "xf86-video-nestedv"
| #define PACKAGE_TARNAME "xf86-video-nestedv"
| #define PACKAGE_VERSION "0.1.0"
| #define PACKAGE_STRING "xf86-video-nestedv 0.1.0"
| #define PACKAGE_BUGREPORT "pzanoni@mandriva.com"
| #define PACKAGE_URL ""
| #define PACKAGE "xf86-video-nestedv"
| #define VERSION "0.1.0"
| /* end confdefs.h.  */
| #include <ac_nonexistent.h>
configure:4139: checking for grep that handles long lines and -e
configure:4197: result: /bin/grep
configure:4202: checking for egrep
configure:4264: result: /bin/grep -E
configure:4269: checking for ANSI C header files
configure:4289: gcc -std=gnu99 -c -g -O2  conftest.c >&5
configure:4289: $? = 0
configure:4362: gcc -std=gnu99 -o conftest -g -O2   conftest.c  >&5
configure:4362: $? = 0
configure:4362: ./conftest
configure:4362: $? = 0
configure:4373: result: yes
configure:4386: checking for sys/types.h
configure:4386: gcc -std=gnu99 -c -g -O2  conftest.c >&5
configure:4386: $? = 0
configure:4386: result: yes
configure:4386: checking for sys/stat.h
configure:4386: gcc -std=gnu99 -c -g -O2  conftest.c >&5
configure:4386: $? = 0
configure:4386: result: yes
configure:4386: checking for stdlib.h
configure:4386: gcc -std=gnu99 -c -g -O2  conftest.c >&5
configure:4386: $? = 0
configure:4386: result: yes
configure:4386: checking for string.h
configure:4386: gcc -std=gnu99 -c -g -O2  conftest.c >&5
configure:4386: $? = 0
configure:4386: result: yes
configure:4386: checking for memory.h
configure:4386: gcc -std=gnu99 -c -g -O2  conftest.c >&5
configure:4386: $? = 0
configure:4386: result: yes
configure:4386: checking for strings.h
configure:4386: gcc -std=gnu99 -c -g -O2  conftest.c >&5
configure:4386: $? = 0
configure:4386: result: yes
configure:4386: checking for inttypes.h
configure:4386: gcc -std=gnu99 -c -g -O2  conftest.c >&5
configure:4386: $? = 0
configure:4386: result: yes
configure:4386: checking for stdint.h
configure:4386: gcc -std=gnu99 -c -g -O2  conftest.c >&5
configure:4386: $? = 0
configure:4386: result: yes
configure:4386: checking for unistd.h
configure:4386: gcc -std=gnu99 -c -g -O2  conftest.c >&5
configure:4386: $? = 0
configure:4386: result: yes
configure:4448: checking for pkg-config
configure:4466: found /usr/bin/pkg-config
configure:4478: result: /usr/bin/pkg-config
configure:4503: checking pkg-config is at least version 0.9.0
configure:4506: result: yes
configure:4519: checking build system type
configure:4533: result: i686-pc-linux-gnu
configure:4553: checking host system type
configure:4566: result: i686-pc-linux-gnu
configure:4586: checking for a sed that does not truncate output
configure:4650: result: /bin/sed
configure:4921: checking for a sed that does not truncate output
configure:4985: result: /bin/sed
configure:5003: checking for fgrep
configure:5065: result: /bin/grep -F
configure:5100: checking for ld used by gcc -std=gnu99
configure:5167: result: /usr/bin/ld
configure:5174: checking if the linker (/usr/bin/ld) is GNU ld
configure:5189: result: yes
configure:5201: checking for BSD- or MS-compatible name lister (nm)
configure:5250: result: /usr/bin/nm -B
configure:5368: checking the name lister (/usr/bin/nm -B) interface
configure:5375: gcc -std=gnu99 -c -g -O2  conftest.c >&5
configure:5378: /usr/bin/nm -B "conftest.o"
configure:5381: output
00000000 B some_variable
configure:5388: result: BSD nm
configure:5391: checking whether ln -s works
configure:5395: result: yes
configure:5403: checking the maximum length of command line arguments
configure:5523: result: 1572864
configure:5540: checking whether the shell understands some XSI constructs
configure:5550: result: yes
configure:5554: checking whether the shell understands "+="
configure:5560: result: yes
configure:5595: checking for /usr/bin/ld option to reload object files
configure:5602: result: -r
configure:5671: checking for objdump
configure:5687: found /usr/bin/objdump
configure:5698: result: objdump
configure:5730: checking how to recognize dependent libraries
configure:5926: result: pass_all
configure:5986: checking for ar
configure:6002: found /usr/bin/ar
configure:6013: result: ar
configure:6091: checking for strip
configure:6107: found /usr/bin/strip
configure:6118: result: strip
configure:6190: checking for ranlib
configure:6206: found /usr/bin/ranlib
configure:6217: result: ranlib
configure:6307: checking command to parse /usr/bin/nm -B output from gcc -std=gnu99 object
configure:6425: gcc -std=gnu99 -c -g -O2  conftest.c >&5
configure:6428: $? = 0
configure:6432: /usr/bin/nm -B conftest.o \| sed -n -e 's/^.*[	 ]\([ABCDGIRSTW][ABCDGIRSTW]*\)[	 ][	 ]*\([_A-Za-z][_A-Za-z0-9]*\)$/\1 \2 \2/p' \> conftest.nm
configure:6435: $? = 0
configure:6489: gcc -std=gnu99 -o conftest -g -O2   conftest.c conftstm.o >&5
configure:6492: $? = 0
configure:6530: result: ok
configure:7335: checking for dlfcn.h
configure:7335: gcc -std=gnu99 -c -g -O2  conftest.c >&5
configure:7335: $? = 0
configure:7335: result: yes
configure:7489: checking for objdir
configure:7504: result: .libs
configure:7796: checking if gcc -std=gnu99 supports -fno-rtti -fno-exceptions
configure:7814: gcc -std=gnu99 -c -g -O2  -fno-rtti -fno-exceptions conftest.c >&5
cc1: warning: command line option "-fno-rtti" is valid for C++/ObjC++ but not for C
configure:7818: $? = 0
configure:7831: result: no
configure:7851: checking for gcc -std=gnu99 option to produce PIC
configure:8123: result: -fPIC -DPIC
configure:8135: checking if gcc -std=gnu99 PIC flag -fPIC -DPIC works
configure:8153: gcc -std=gnu99 -c -g -O2  -fPIC -DPIC -DPIC conftest.c >&5
configure:8157: $? = 0
configure:8170: result: yes
configure:8194: checking if gcc -std=gnu99 static flag -static works
configure:8222: result: yes
configure:8237: checking if gcc -std=gnu99 supports -c -o file.o
configure:8258: gcc -std=gnu99 -c -g -O2  -o out/conftest2.o conftest.c >&5
configure:8262: $? = 0
configure:8284: result: yes
configure:8292: checking if gcc -std=gnu99 supports -c -o file.o
configure:8339: result: yes
configure:8372: checking whether the gcc -std=gnu99 linker (/usr/bin/ld) supports shared libraries
configure:9363: result: yes
configure:9400: checking whether -lc should be explicitly linked in
configure:9405: gcc -std=gnu99 -c -g -O2  conftest.c >&5
configure:9408: $? = 0
configure:9423: gcc -std=gnu99 -shared conftest.o  -v -Wl,-soname -Wl,conftest -o conftest 2\>\&1 \| /bin/grep  -lc  \>/dev/null 2\>\&1
configure:9426: $? = 0
configure:9438: result: no
configure:9602: checking dynamic linker characteristics
configure:10035: gcc -std=gnu99 -o conftest -g -O2   -Wl,-rpath -Wl,/foo conftest.c  >&5
configure:10035: $? = 0
configure:10265: result: GNU/Linux ld.so
configure:10367: checking how to hardcode library paths into programs
configure:10392: result: immediate
configure:10912: checking whether stripping libraries is possible
configure:10917: result: yes
configure:10952: checking if libtool supports shared libraries
configure:10954: result: yes
configure:10957: checking whether to build shared libraries
configure:10978: result: yes
configure:10981: checking whether to build static libraries
configure:10985: result: no
configure:11034: checking for XORG
configure:11042: $PKG_CONFIG --exists --print-errors "xorg-server"
configure:11045: $? = 0
configure:11060: $PKG_CONFIG --exists --print-errors "xorg-server"
configure:11063: $? = 0
configure:11118: result: yes
configure:11124: checking for X11
configure:11132: $PKG_CONFIG --exists --print-errors "x11"
configure:11135: $? = 0
configure:11150: $PKG_CONFIG --exists --print-errors "x11"
configure:11153: $? = 0
configure:11208: result: yes
configure:11214: checking for XEXT
configure:11222: $PKG_CONFIG --exists --print-errors "xext"
configure:11225: $? = 0
configure:11240: $PKG_CONFIG --exists --print-errors "xext"
configure:11243: $? = 0
configure:11298: result: yes
configure:11432: creating ./config.status

## ---------------------- ##
## Running config.status. ##
## ---------------------- ##

This file was extended by xf86-video-nestedv config.status 0.1.0, which was
generated by GNU Autoconf 2.65.  Invocation command line was

  CONFIG_FILES    = 
  CONFIG_HEADERS  = 
  CONFIG_LINKS    = 
  CONFIG_COMMANDS = 
  $ ./config.status 

on hectop

config.status:1103: creating Makefile
config.status:1103: creating src/Makefile
config.status:1103: creating config.h
config.status:1323: executing depfiles commands
config.status:1323: executing libtool commands

## ---------------- ##
## Cache variables. ##
## ---------------- ##

ac_cv_build=i686-pc-linux-gnu
ac_cv_c_compiler_gnu=yes
ac_cv_env_CC_set=
ac_cv_env_CC_value=
ac_cv_env_CFLAGS_set=
ac_cv_env_CFLAGS_value=
ac_cv_env_CPPFLAGS_set=
ac_cv_env_CPPFLAGS_value=
ac_cv_env_CPP_set=
ac_cv_env_CPP_value=
ac_cv_env_LDFLAGS_set=
ac_cv_env_LDFLAGS_value=
ac_cv_env_LIBS_set=
ac_cv_env_LIBS_value=
ac_cv_env_PKG_CONFIG_set=
ac_cv_env_PKG_CONFIG_value=
ac_cv_env_X11_CFLAGS_set=
ac_cv_env_X11_CFLAGS_value=
ac_cv_env_X11_LIBS_set=
ac_cv_env_X11_LIBS_value=
ac_cv_env_XEXT_CFLAGS_set=
ac_cv_env_XEXT_CFLAGS_value=
ac_cv_env_XEXT_LIBS_set=
ac_cv_env_XEXT_LIBS_value=
ac_cv_env_XORG_CFLAGS_set=
ac_cv_env_XORG_CFLAGS_value=
ac_cv_env_XORG_LIBS_set=
ac_cv_env_XORG_LIBS_value=
ac_cv_env_build_alias_set=
ac_cv_env_build_alias_value=
ac_cv_env_host_alias_set=
ac_cv_env_host_alias_value=
ac_cv_env_target_alias_set=
ac_cv_env_target_alias_value=
ac_cv_header_dlfcn_h=yes
ac_cv_header_inttypes_h=yes
ac_cv_header_memory_h=yes
ac_cv_header_stdc=yes
ac_cv_header_stdint_h=yes
ac_cv_header_stdlib_h=yes
ac_cv_header_string_h=yes
ac_cv_header_strings_h=yes
ac_cv_header_sys_stat_h=yes
ac_cv_header_sys_types_h=yes
ac_cv_header_unistd_h=yes
ac_cv_host=i686-pc-linux-gnu
ac_cv_objext=o
ac_cv_path_EGREP='/bin/grep -E'
ac_cv_path_FGREP='/bin/grep -F'
ac_cv_path_GREP=/bin/grep
ac_cv_path_SED=/bin/sed
ac_cv_path_ac_pt_PKG_CONFIG=/usr/bin/pkg-config
ac_cv_path_install='/usr/bin/install -c'
ac_cv_path_mkdir=/bin/mkdir
ac_cv_prog_AWK=gawk
ac_cv_prog_CPP='gcc -std=gnu99 -E'
ac_cv_prog_ac_ct_AR=ar
ac_cv_prog_ac_ct_CC=gcc
ac_cv_prog_ac_ct_OBJDUMP=objdump
ac_cv_prog_ac_ct_RANLIB=ranlib
ac_cv_prog_ac_ct_STRIP=strip
ac_cv_prog_cc_c89=
ac_cv_prog_cc_c99=-std=gnu99
ac_cv_prog_cc_g=yes
ac_cv_prog_make_make_set=yes
am_cv_CC_dependencies_compiler_type=gcc3
lt_cv_deplibs_check_method=pass_all
lt_cv_file_magic_cmd='$MAGIC_CMD'
lt_cv_file_magic_test_file=
lt_cv_ld_reload_flag=-r
lt_cv_nm_interface='BSD nm'
lt_cv_objdir=.libs
lt_cv_path_LD=/usr/bin/ld
lt_cv_path_NM='/usr/bin/nm -B'
lt_cv_prog_compiler_c_o=yes
lt_cv_prog_compiler_pic_works=yes
lt_cv_prog_compiler_rtti_exceptions=no
lt_cv_prog_compiler_static_works=yes
lt_cv_prog_gnu_ld=yes
lt_cv_sys_global_symbol_pipe='sed -n -e '\''s/^.*[	 ]\([ABCDGIRSTW][ABCDGIRSTW]*\)[	 ][	 ]*\([_A-Za-z][_A-Za-z0-9]*\)$/\1 \2 \2/p'\'''
lt_cv_sys_global_symbol_to_c_name_address='sed -n -e '\''s/^: \([^ ]*\) $/  {\"\1\", (void *) 0},/p'\'' -e '\''s/^[ABCDGIRSTW]* \([^ ]*\) \([^ ]*\)$/  {"\2", (void *) \&\2},/p'\'''
lt_cv_sys_global_symbol_to_c_name_address_lib_prefix='sed -n -e '\''s/^: \([^ ]*\) $/  {\"\1\", (void *) 0},/p'\'' -e '\''s/^[ABCDGIRSTW]* \([^ ]*\) \(lib[^ ]*\)$/  {"\2", (void *) \&\2},/p'\'' -e '\''s/^[ABCDGIRSTW]* \([^ ]*\) \([^ ]*\)$/  {"lib\2", (void *) \&\2},/p'\'''
lt_cv_sys_global_symbol_to_cdecl='sed -n -e '\''s/^T .* \(.*\)$/extern int \1();/p'\'' -e '\''s/^[ABCDGIRSTW]* .* \(.*\)$/extern char \1;/p'\'''
lt_cv_sys_max_cmd_len=1572864
pkg_cv_X11_CFLAGS='-I/home/colin/school/capstone/dev/include  '
pkg_cv_X11_LIBS='-lX11  '
pkg_cv_XEXT_CFLAGS='-I/home/colin/school/capstone/dev/include  '
pkg_cv_XEXT_LIBS='-lXext  '
pkg_cv_XORG_CFLAGS='-fvisibility=hidden -I/home/colin/school/capstone/dev/include/xorg -I/home/colin/school/capstone/dev/include -I/usr/include/pixman-1  '
pkg_cv_XORG_LIBS='-L/home/colin/school/capstone/dev/lib -lpixman-1 -lpciaccess  '

## ----------------- ##
## Output variables. ##
## ----------------- ##

ACLOCAL='aclocal -I /home/colin/school/capstone/dev/share/aclocal'
ADMIN_MAN_DIR='$(mandir)/man$(ADMIN_MAN_SUFFIX)'
ADMIN_MAN_SUFFIX='8'
AMDEPBACKSLASH='\'
AMDEP_FALSE='#'
AMDEP_TRUE=''
AMTAR='${SHELL} /home/colin/school/capstone/source/xf86-video-nestedv/build-aux/missing --run tar'
AM_BACKSLASH='\'
AM_DEFAULT_VERBOSITY='0'
APP_MAN_DIR='$(mandir)/man$(APP_MAN_SUFFIX)'
APP_MAN_SUFFIX='1'
AR='ar'
AUTOCONF='${SHELL} /home/colin/school/capstone/source/xf86-video-nestedv/build-aux/missing --run autoconf'
AUTOHEADER='${SHELL} /home/colin/school/capstone/source/xf86-video-nestedv/build-aux/missing --run autoheader'
AUTOMAKE='${SHELL} /home/colin/school/capstone/source/xf86-video-nestedv/build-aux/missing --run automake-1.11'
AWK='gawk'
CC='gcc -std=gnu99'
CCDEPMODE='depmode=gcc3'
CFLAGS='-g -O2'
CHANGELOG_CMD='(GIT_DIR=$(top_srcdir)/.git git log > $(top_srcdir)/.changelog.tmp && mv $(top_srcdir)/.changelog.tmp $(top_srcdir)/ChangeLog) || (rm -f $(top_srcdir)/.changelog.tmp; touch $(top_srcdir)/ChangeLog; echo '\''git directory not found: installing possibly empty changelog.'\'' >&2)'
CPP='gcc -std=gnu99 -E'
CPPFLAGS=''
CWARNFLAGS='-Wall -Wpointer-arith -Wstrict-prototypes -Wmissing-prototypes -Wmissing-declarations -Wnested-externs -fno-strict-aliasing -Wbad-function-cast -Wformat=2 -Wold-style-definition -Wdeclaration-after-statement '
CYGPATH_W='echo'
DEFS='-DHAVE_CONFIG_H'
DEPDIR='.deps'
DRIVER_MAN_DIR='$(mandir)/man$(DRIVER_MAN_SUFFIX)'
DRIVER_MAN_SUFFIX='4'
DRIVR_NAME=''
DSYMUTIL=''
DUMPBIN=''
ECHO_C=''
ECHO_N='-n'
ECHO_T=''
EGREP='/bin/grep -E'
EXEEXT=''
FGREP='/bin/grep -F'
FILE_MAN_DIR='$(mandir)/man$(FILE_MAN_SUFFIX)'
FILE_MAN_SUFFIX='5'
GREP='/bin/grep'
INSTALL_CMD='(cp -f /usr/share/util-macros/INSTALL $(top_srcdir)/.INSTALL.tmp && mv $(top_srcdir)/.INSTALL.tmp $(top_srcdir)/INSTALL) || (rm -f $(top_srcdir)/.INSTALL.tmp; touch $(top_srcdir)/INSTALL; echo '\''util-macros "pkgdatadir" from xorg-macros.pc not found: installing possibly empty INSTALL.'\'' >&2)'
INSTALL_DATA='${INSTALL} -m 644'
INSTALL_PROGRAM='${INSTALL}'
INSTALL_SCRIPT='${INSTALL}'
INSTALL_STRIP_PROGRAM='$(install_sh) -c -s'
LD='/usr/bin/ld'
LDFLAGS=''
LIBOBJS=''
LIBS=''
LIBTOOL='$(SHELL) $(top_builddir)/libtool'
LIB_MAN_DIR='$(mandir)/man$(LIB_MAN_SUFFIX)'
LIB_MAN_SUFFIX='3'
LIPO=''
LN_S='ln -s'
LTLIBOBJS=''
MAINT=''
MAINTAINER_MODE_FALSE='#'
MAINTAINER_MODE_TRUE=''
MAKEINFO='${SHELL} /home/colin/school/capstone/source/xf86-video-nestedv/build-aux/missing --run makeinfo'
MAN_SUBSTS='	-e '\''s|__vendorversion__|"$(PACKAGE_STRING)" "$(XORG_MAN_PAGE)"|'\'' 	-e '\''s|__xorgversion__|"$(PACKAGE_STRING)" "$(XORG_MAN_PAGE)"|'\'' 	-e '\''s|__xservername__|Xorg|g'\'' 	-e '\''s|__xconfigfile__|xorg.conf|g'\'' 	-e '\''s|__projectroot__|$(prefix)|g'\'' 	-e '\''s|__appmansuffix__|$(APP_MAN_SUFFIX)|g'\'' 	-e '\''s|__drivermansuffix__|$(DRIVER_MAN_SUFFIX)|g'\'' 	-e '\''s|__adminmansuffix__|$(ADMIN_MAN_SUFFIX)|g'\'' 	-e '\''s|__libmansuffix__|$(LIB_MAN_SUFFIX)|g'\'' 	-e '\''s|__miscmansuffix__|$(MISC_MAN_SUFFIX)|g'\'' 	-e '\''s|__filemansuffix__|$(FILE_MAN_SUFFIX)|g'\'''
MISC_MAN_DIR='$(mandir)/man$(MISC_MAN_SUFFIX)'
MISC_MAN_SUFFIX='7'
MKDIR_P='/bin/mkdir -p'
NM='/usr/bin/nm -B'
NMEDIT=''
OBJDUMP='objdump'
OBJEXT='o'
OTOOL64=''
OTOOL=''
PACKAGE='xf86-video-nestedv'
PACKAGE_BUGREPORT='pzanoni@mandriva.com'
PACKAGE_NAME='xf86-video-nestedv'
PACKAGE_STRING='xf86-video-nestedv 0.1.0'
PACKAGE_TARNAME='xf86-video-nestedv'
PACKAGE_URL=''
PACKAGE_VERSION='0.1.0'
PATH_SEPARATOR=':'
PKG_CONFIG='/usr/bin/pkg-config'
RANLIB='ranlib'
SED='/bin/sed'
SET_MAKE=''
SHELL='/bin/bash'
STRIP='strip'
VERSION='0.1.0'
X11_CFLAGS='-I/home/colin/school/capstone/dev/include  '
X11_LIBS='-lX11  '
XEXT_CFLAGS='-I/home/colin/school/capstone/dev/include  '
XEXT_LIBS='-lXext  '
XORG_CFLAGS='-fvisibility=hidden -I/home/colin/school/capstone/dev/include/xorg -I/home/colin/school/capstone/dev/include -I/usr/include/pixman-1  '
XORG_LIBS='-L/home/colin/school/capstone/dev/lib -lpixman-1 -lpciaccess  '
XORG_MAN_PAGE='X Version 11'
ac_ct_CC='gcc'
ac_ct_DUMPBIN=''
am__EXEEXT_FALSE=''
am__EXEEXT_TRUE='#'
am__fastdepCC_FALSE='#'
am__fastdepCC_TRUE=''
am__include='include'
am__isrc=''
am__leading_dot='.'
am__quote=''
am__tar='${AMTAR} chof - "$$tardir"'
am__untar='${AMTAR} xf -'
bindir='${exec_prefix}/bin'
build='i686-pc-linux-gnu'
build_alias=''
build_cpu='i686'
build_os='linux-gnu'
build_vendor='pc'
datadir='${datarootdir}'
datarootdir='${prefix}/share'
docdir='${datarootdir}/doc/${PACKAGE_TARNAME}'
dvidir='${docdir}'
exec_prefix='${prefix}'
host='i686-pc-linux-gnu'
host_alias=''
host_cpu='i686'
host_os='linux-gnu'
host_vendor='pc'
htmldir='${docdir}'
includedir='${prefix}/include'
infodir='${datarootdir}/info'
install_sh='${SHELL} /home/colin/school/capstone/source/xf86-video-nestedv/build-aux/install-sh'
libdir='${exec_prefix}/lib'
libexecdir='${exec_prefix}/libexec'
localedir='${datarootdir}/locale'
localstatedir='${prefix}/var'
lt_ECHO='echo'
mandir='${datarootdir}/man'
mkdir_p='/bin/mkdir -p'
moduledir='${exec_prefix}/lib/xorg/modules'
oldincludedir='/usr/include'
pdfdir='${docdir}'
prefix='/home/colin/school/capstone/dev'
program_transform_name='s,x,x,'
psdir='${docdir}'
sbindir='${exec_prefix}/sbin'
sharedstatedir='${prefix}/com'
sysconfdir='${prefix}/etc'
target_alias=''

## ----------- ##
## confdefs.h. ##
## ----------- ##

/* confdefs.h */
#define PACKAGE_NAME "xf86-video-nestedv"
#define PACKAGE_TARNAME "xf86-video-nestedv"
#define PACKAGE_VERSION "0.1.0"
#define PACKAGE_STRING "xf86-video-nestedv 0.1.0"
#define PACKAGE_BUGREPORT "pzanoni@mandriva.com"
#define PACKAGE_URL ""
#define PACKAGE "xf86-video-nestedv"
#define VERSION "0.1.0"
#define STDC_HEADERS 1
#define HAVE_SYS_TYPES_H 1
#define HAVE_SYS_STAT_H 1
#define HAVE_STDLIB_H 1
#define HAVE_STRING_H 1
#define HAVE_MEMORY_H 1
#define HAVE_STRINGS_H 1
#define HAVE_INTTYPES_H 1
#define HAVE_STDINT_H 1
#define HAVE_UNISTD_H 1
#define PACKAGE_VERSION_MAJOR 0
#define PACKAGE_VERSION_MINOR 1
#define PACKAGE_VERSION_PATCHLEVEL 0
#define HAVE_DLFCN_H 1
#define LT_OBJDIR ".libs/"

configure: exit 0
